2020-09-30 17:14:42.653  INFO 12244 --- [restartedMain] .e.d.SpringKotlinBlogServerApplicationKt : Starting SpringKotlinBlogServerApplicationKt on DESKTOP-9A1DSE9 with PID 12244 (D:\Program\Spring\spring_blog\SpringKotlinBlogServer\target\classes started by roy in D:\Program\Spring\spring_blog\SpringKotlinBlogServer)
2020-09-30 17:14:42.657 DEBUG 12244 --- [restartedMain] .e.d.SpringKotlinBlogServerApplicationKt : Running with Spring Boot v2.3.4.RELEASE, Spring v5.2.9.RELEASE
2020-09-30 17:14:42.658  INFO 12244 --- [restartedMain] .e.d.SpringKotlinBlogServerApplicationKt : No active profile set, falling back to default profiles: default
2020-09-30 17:14:43.702  INFO 12244 --- [restartedMain] .e.DevToolsPropertyDefaultsPostProcessor : Devtools property defaults active! Set 'spring.devtools.add-properties' to 'false' to disable
2020-09-30 17:14:43.705  INFO 12244 --- [restartedMain] .e.DevToolsPropertyDefaultsPostProcessor : For additional web related logging consider setting the 'logging.level.web' property to 'DEBUG'
2020-09-30 17:14:44.785  INFO 12244 --- [restartedMain] .s.d.r.c.RepositoryConfigurationDelegate : Multiple Spring Data modules found, entering strict repository configuration mode!
2020-09-30 17:14:44.785  INFO 12244 --- [restartedMain] .s.d.r.c.RepositoryConfigurationDelegate : Bootstrapping Spring Data JPA repositories in DEFERRED mode.
2020-09-30 17:14:44.814  INFO 12244 --- [restartedMain] .s.d.r.c.RepositoryConfigurationDelegate : Finished Spring Data repository scanning in 15ms. Found 0 JPA repository interfaces.
2020-09-30 17:14:44.827  INFO 12244 --- [restartedMain] .s.d.r.c.RepositoryConfigurationDelegate : Multiple Spring Data modules found, entering strict repository configuration mode!
2020-09-30 17:14:44.829  INFO 12244 --- [restartedMain] .s.d.r.c.RepositoryConfigurationDelegate : Bootstrapping Spring Data Redis repositories in DEFAULT mode.
2020-09-30 17:14:44.839  INFO 12244 --- [restartedMain] .s.d.r.c.RepositoryConfigurationDelegate : Finished Spring Data repository scanning in 1ms. Found 0 Redis repository interfaces.
2020-09-30 17:14:45.517  INFO 12244 --- [restartedMain] o.s.b.w.embedded.tomcat.TomcatWebServer  : Tomcat initialized with port(s): 8080 (http)
2020-09-30 17:14:45.529  INFO 12244 --- [restartedMain] o.apache.catalina.core.StandardService   : Starting service [Tomcat]
2020-09-30 17:14:45.529  INFO 12244 --- [restartedMain] org.apache.catalina.core.StandardEngine  : Starting Servlet engine: [Apache Tomcat/9.0.38]
2020-09-30 17:14:45.689  INFO 12244 --- [restartedMain] o.a.c.c.C.[Tomcat].[localhost].[/]       : Initializing Spring embedded WebApplicationContext
2020-09-30 17:14:45.689  INFO 12244 --- [restartedMain] w.s.c.ServletWebServerApplicationContext : Root WebApplicationContext: initialization completed in 1984 ms
2020-09-30 17:14:45.736  INFO 12244 --- [restartedMain] com.zaxxer.hikari.HikariDataSource       : HikariPool-1 - Starting...
2020-09-30 17:14:46.018  INFO 12244 --- [restartedMain] com.zaxxer.hikari.HikariDataSource       : HikariPool-1 - Start completed.
2020-09-30 17:14:46.024  INFO 12244 --- [restartedMain] o.s.b.a.h2.H2ConsoleAutoConfiguration    : H2 console available at '/h2'. Database available at 'jdbc:h2:file:./data/sample'
2020-09-30 17:14:46.139  INFO 12244 --- [restartedMain] o.s.s.concurrent.ThreadPoolTaskExecutor  : Initializing ExecutorService 'applicationTaskExecutor'
2020-09-30 17:14:46.183  INFO 12244 --- [task-1] o.hibernate.jpa.internal.util.LogHelper  : HHH000204: Processing PersistenceUnitInfo [name: default]
2020-09-30 17:14:46.252  INFO 12244 --- [task-1] org.hibernate.Version                    : HHH000412: Hibernate ORM core version 5.4.21.Final
2020-09-30 17:14:46.253  WARN 12244 --- [restartedMain] JpaBaseConfiguration$JpaWebConfiguration : spring.jpa.open-in-view is enabled by default. Therefore, database queries may be performed during view rendering. Explicitly configure spring.jpa.open-in-view to disable this warning
2020-09-30 17:14:46.556  INFO 12244 --- [task-1] o.hibernate.annotations.common.Version   : HCANN000001: Hibernate Commons Annotations {5.1.0.Final}
2020-09-30 17:14:46.802  INFO 12244 --- [task-1] org.hibernate.dialect.Dialect            : HHH000400: Using dialect: org.hibernate.dialect.H2Dialect
2020-09-30 17:14:46.832  WARN 12244 --- [restartedMain] ion$DefaultTemplateResolverConfiguration : Cannot find template location: classpath:/templates/ (please add some templates or check your Thymeleaf configuration)
2020-09-30 17:14:47.244  INFO 12244 --- [task-1] o.h.e.t.j.p.i.JtaPlatformInitiator       : HHH000490: Using JtaPlatform implementation: [org.hibernate.engine.transaction.jta.platform.internal.NoJtaPlatform]
2020-09-30 17:14:47.260  INFO 12244 --- [task-1] j.LocalContainerEntityManagerFactoryBean : Initialized JPA EntityManagerFactory for persistence unit 'default'
2020-09-30 17:14:47.322  INFO 12244 --- [task-2] o.s.b.d.a.OptionalLiveReloadServer       : LiveReload server is running on port 35729
2020-09-30 17:14:47.535  INFO 12244 --- [restartedMain] o.s.b.w.embedded.tomcat.TomcatWebServer  : Tomcat started on port(s): 8080 (http) with context path ''
2020-09-30 17:14:47.537  INFO 12244 --- [restartedMain] DeferredRepositoryInitializationListener : Triggering deferred initialization of Spring Data repositories…
2020-09-30 17:14:47.537  INFO 12244 --- [restartedMain] DeferredRepositoryInitializationListener : Spring Data repositories initialized!
2020-09-30 17:14:47.553  INFO 12244 --- [restartedMain] .e.d.SpringKotlinBlogServerApplicationKt : Started SpringKotlinBlogServerApplicationKt in 5.593 seconds (JVM running for 9.198)
2020-09-30 18:33:52.614  INFO 12244 --- [http-nio-8080-exec-1] o.a.c.c.C.[Tomcat].[localhost].[/]       : Initializing Spring DispatcherServlet 'dispatcherServlet'
2020-09-30 18:33:52.614  INFO 12244 --- [http-nio-8080-exec-1] o.s.web.servlet.DispatcherServlet        : Initializing Servlet 'dispatcherServlet'
2020-09-30 18:33:52.627  INFO 12244 --- [http-nio-8080-exec-1] o.s.web.servlet.DispatcherServlet        : Completed initialization in 12 ms
2020-09-30 18:35:35.186  INFO 2960 --- [restartedMain] .e.d.SpringKotlinBlogServerApplicationKt : Starting SpringKotlinBlogServerApplicationKt on DESKTOP-9A1DSE9 with PID 2960 (D:\Program\Spring\spring_blog\SpringKotlinBlogServer\target\classes started by roy in D:\Program\Spring\spring_blog\SpringKotlinBlogServer)
2020-09-30 18:35:35.190 DEBUG 2960 --- [restartedMain] .e.d.SpringKotlinBlogServerApplicationKt : Running with Spring Boot v2.3.4.RELEASE, Spring v5.2.9.RELEASE
2020-09-30 18:35:35.190  INFO 2960 --- [restartedMain] .e.d.SpringKotlinBlogServerApplicationKt : No active profile set, falling back to default profiles: default
2020-09-30 18:35:35.304  INFO 2960 --- [restartedMain] .e.DevToolsPropertyDefaultsPostProcessor : Devtools property defaults active! Set 'spring.devtools.add-properties' to 'false' to disable
2020-09-30 18:35:35.305  INFO 2960 --- [restartedMain] .e.DevToolsPropertyDefaultsPostProcessor : For additional web related logging consider setting the 'logging.level.web' property to 'DEBUG'
2020-09-30 18:35:36.420  INFO 2960 --- [restartedMain] .s.d.r.c.RepositoryConfigurationDelegate : Multiple Spring Data modules found, entering strict repository configuration mode!
2020-09-30 18:35:36.422  INFO 2960 --- [restartedMain] .s.d.r.c.RepositoryConfigurationDelegate : Bootstrapping Spring Data JPA repositories in DEFERRED mode.
2020-09-30 18:35:36.461  INFO 2960 --- [restartedMain] .s.d.r.c.RepositoryConfigurationDelegate : Finished Spring Data repository scanning in 20ms. Found 0 JPA repository interfaces.
2020-09-30 18:35:36.481  INFO 2960 --- [restartedMain] .s.d.r.c.RepositoryConfigurationDelegate : Multiple Spring Data modules found, entering strict repository configuration mode!
2020-09-30 18:35:36.481  INFO 2960 --- [restartedMain] .s.d.r.c.RepositoryConfigurationDelegate : Bootstrapping Spring Data Redis repositories in DEFAULT mode.
2020-09-30 18:35:36.502  INFO 2960 --- [restartedMain] .s.d.r.c.RepositoryConfigurationDelegate : Finished Spring Data repository scanning in 1ms. Found 0 Redis repository interfaces.
2020-09-30 18:35:37.467  INFO 2960 --- [restartedMain] o.s.b.w.embedded.tomcat.TomcatWebServer  : Tomcat initialized with port(s): 8080 (http)
2020-09-30 18:35:37.478  INFO 2960 --- [restartedMain] o.apache.catalina.core.StandardService   : Starting service [Tomcat]
2020-09-30 18:35:37.479  INFO 2960 --- [restartedMain] org.apache.catalina.core.StandardEngine  : Starting Servlet engine: [Apache Tomcat/9.0.38]
2020-09-30 18:35:37.660  INFO 2960 --- [restartedMain] o.a.c.c.C.[Tomcat].[localhost].[/]       : Initializing Spring embedded WebApplicationContext
2020-09-30 18:35:37.661  INFO 2960 --- [restartedMain] w.s.c.ServletWebServerApplicationContext : Root WebApplicationContext: initialization completed in 2356 ms
2020-09-30 18:35:37.740  INFO 2960 --- [restartedMain] com.zaxxer.hikari.HikariDataSource       : HikariPool-1 - Starting...
2020-09-30 18:35:37.937  INFO 2960 --- [restartedMain] com.zaxxer.hikari.HikariDataSource       : HikariPool-1 - Start completed.
2020-09-30 18:35:37.945  INFO 2960 --- [restartedMain] o.s.b.a.h2.H2ConsoleAutoConfiguration    : H2 console available at '/h2'. Database available at 'jdbc:h2:file:./data/sample'
2020-09-30 18:35:38.103  INFO 2960 --- [restartedMain] o.s.s.concurrent.ThreadPoolTaskExecutor  : Initializing ExecutorService 'applicationTaskExecutor'
2020-09-30 18:35:38.146  INFO 2960 --- [task-1] o.hibernate.jpa.internal.util.LogHelper  : HHH000204: Processing PersistenceUnitInfo [name: default]
2020-09-30 18:35:38.207  WARN 2960 --- [restartedMain] JpaBaseConfiguration$JpaWebConfiguration : spring.jpa.open-in-view is enabled by default. Therefore, database queries may be performed during view rendering. Explicitly configure spring.jpa.open-in-view to disable this warning
2020-09-30 18:35:38.208  INFO 2960 --- [task-1] org.hibernate.Version                    : HHH000412: Hibernate ORM core version 5.4.21.Final
2020-09-30 18:35:38.329  INFO 2960 --- [task-1] o.hibernate.annotations.common.Version   : HCANN000001: Hibernate Commons Annotations {5.1.0.Final}
2020-09-30 18:35:38.431  INFO 2960 --- [task-1] org.hibernate.dialect.Dialect            : HHH000400: Using dialect: org.hibernate.dialect.H2Dialect
2020-09-30 18:35:38.671  INFO 2960 --- [task-1] o.h.e.t.j.p.i.JtaPlatformInitiator       : HHH000490: Using JtaPlatform implementation: [org.hibernate.engine.transaction.jta.platform.internal.NoJtaPlatform]
2020-09-30 18:35:38.677  INFO 2960 --- [task-1] j.LocalContainerEntityManagerFactoryBean : Initialized JPA EntityManagerFactory for persistence unit 'default'
2020-09-30 18:35:38.760  INFO 2960 --- [task-2] o.s.b.d.a.OptionalLiveReloadServer       : LiveReload server is running on port 35729
2020-09-30 18:35:38.932  INFO 2960 --- [restartedMain] o.s.b.w.embedded.tomcat.TomcatWebServer  : Tomcat started on port(s): 8080 (http) with context path ''
2020-09-30 18:35:38.933  INFO 2960 --- [restartedMain] DeferredRepositoryInitializationListener : Triggering deferred initialization of Spring Data repositories…
2020-09-30 18:35:38.934  INFO 2960 --- [restartedMain] DeferredRepositoryInitializationListener : Spring Data repositories initialized!
2020-09-30 18:35:38.945  INFO 2960 --- [restartedMain] .e.d.SpringKotlinBlogServerApplicationKt : Started SpringKotlinBlogServerApplicationKt in 4.316 seconds (JVM running for 6.861)
2020-09-30 18:35:42.028  INFO 2960 --- [http-nio-8080-exec-1] o.a.c.c.C.[Tomcat].[localhost].[/]       : Initializing Spring DispatcherServlet 'dispatcherServlet'
2020-09-30 18:35:42.028  INFO 2960 --- [http-nio-8080-exec-1] o.s.web.servlet.DispatcherServlet        : Initializing Servlet 'dispatcherServlet'
2020-09-30 18:35:42.033  INFO 2960 --- [http-nio-8080-exec-1] o.s.web.servlet.DispatcherServlet        : Completed initialization in 5 ms
